frameworkxUtils-master/app/build/outputs/logs/manifest-merger-debug-report.txt
-- Merging decision tree log ---
manifest
ADDED from src\main\AndroidManifest.xml:2:1-80:12
	package
		ADDED from src\main\AndroidManifest.xml:3:5-43
		INJECTED from src\main\AndroidManifest.xml
		INJECTED from src\main\AndroidManifest.xml
	android:versionName
		ADDED from src\main\AndroidManifest.xml:5:5-30
	android:versionCode
		ADDED from src\main\AndroidManifest.xml:4:5-28
		INJECTED from src\main\AndroidManifest.xml
		INJECTED from src\main\AndroidManifest.xml
	xmlns:android
		ADDED from src\main\AndroidManifest.xml:2:11-69
uses-sdk
ADDED from src\main\AndroidManifest.xml:7:5-9:41
	android:targetSdkVersion
		ADDED from src\main\AndroidManifest.xml:9:9-38
		INJECTED from src\main\AndroidManifest.xml
		INJECTED from src\main\AndroidManifest.xml
	android:minSdkVersion
		ADDED from src\main\AndroidManifest.xml:8:9-35
		INJECTED from src\main\AndroidManifest.xml
		INJECTED from src\main\AndroidManifest.xml
uses-permission#android.permission.WRITE_EXTERNAL_STORAGE
ADDED from src\main\AndroidManifest.xml:12:5-81
	android:name
		ADDED from src\main\AndroidManifest.xml:12:22-78
uses-permission#android.permission.READ_EXTERNAL_STORAGE
ADDED from src\main\AndroidManifest.xml:13:5-80
	android:name
		ADDED from src\main\AndroidManifest.xml:13:22-77
uses-permission#android.permission.READ_CONTACTS
ADDED from src\main\AndroidManifest.xml:16:5-72
	android:name
		ADDED from src\main\AndroidManifest.xml:16:22-69
uses-permission#android.permission.WRITE_CONTACTS
ADDED from src\main\AndroidManifest.xml:17:5-73
	android:name
		ADDED from src\main\AndroidManifest.xml:17:22-70
uses-permission#android.permission.RECORD_AUDIO
ADDED from src\main\AndroidManifest.xml:20:5-71
	android:name
		ADDED from src\main\AndroidManifest.xml:20:22-68
uses-permission#android.permission.RECEIVE_BOOT_COMPLETED
ADDED from src\main\AndroidManifest.xml:23:5-81
	android:name
		ADDED from src\main\AndroidManifest.xml:23:22-78
uses-permission#android.permission.READ_PHONE_STATE
ADDED from src\main\AndroidManifest.xml:26:5-75
	android:name
		ADDED from src\main\AndroidManifest.xml:26:22-72
uses-permission#android.permission.CALL_PHONE
ADDED from src\main\AndroidManifest.xml:29:5-69
	android:name
		ADDED from src\main\AndroidManifest.xml:29:22-66
uses-permission#android.permission.CAMERA
ADDED from src\main\AndroidManifest.xml:32:5-65
	android:name
		ADDED from src\main\AndroidManifest.xml:32:22-62
uses-permission#android.permission.SEND_SMS
ADDED from src\main\AndroidManifest.xml:35:5-67
	android:name
		ADDED from src\main\AndroidManifest.xml:35:22-64
uses-permission#android.permission.READ_SMS
ADDED from src\main\AndroidManifest.xml:36:5-67
	android:name
		ADDED from src\main\AndroidManifest.xml:36:22-64
uses-permission#android.permission.WRITE_SMS
ADDED from src\main\AndroidManifest.xml:37:5-68
	android:name
		ADDED from src\main\AndroidManifest.xml:37:22-65
uses-permission#android.permission.READ_CALENDAR
ADDED from src\main\AndroidManifest.xml:40:5-72
	android:name
		ADDED from src\main\AndroidManifest.xml:40:22-69
uses-permission#android.permission.WRITE_CALENDAR
ADDED from src\main\AndroidManifest.xml:41:5-73
	android:name
		ADDED from src\main\AndroidManifest.xml:41:22-70
uses-permission#android.permission.ACCESS_NETWORK_STATE
ADDED from src\main\AndroidManifest.xml:44:5-79
	android:name
		ADDED from src\main\AndroidManifest.xml:44:22-76
uses-permission#android.permission.CHANGE_NETWORK_STATE
ADDED from src\main\AndroidManifest.xml:45:5-79
	android:name
		ADDED from src\main\AndroidManifest.xml:45:22-76
uses-permission#android.permission.INTERNET
ADDED from src\main\AndroidManifest.xml:46:5-67
	android:name
		ADDED from src\main\AndroidManifest.xml:46:22-64
uses-permission#android.permission.ACCESS_WIFI_STATE
ADDED from src\main\AndroidManifest.xml:47:5-76
	android:name
		ADDED from src\main\AndroidManifest.xml:47:22-73
uses-permission#android.permission.CHANGE_WIFI_STATE
ADDED from src\main\AndroidManifest.xml:48:5-76
	android:name
		ADDED from src\main\AndroidManifest.xml:48:22-73
uses-permission#android.permission.READ_CALL_LOG
ADDED from src\main\AndroidManifest.xml:53:5-72
	android:name
		ADDED from src\main\AndroidManifest.xml:53:22-69
uses-permission#android.permission.WRITE_CALL_LOG
ADDED from src\main\AndroidManifest.xml:54:5-73
	android:name
		ADDED from src\main\AndroidManifest.xml:54:22-70
supports-screens
ADDED from src\main\AndroidManifest.xml:56:5-60:39
	android:largeScreens
		ADDED from src\main\AndroidManifest.xml:58:9-36
	android:smallScreens
		ADDED from src\main\AndroidManifest.xml:60:9-36
	android:normalScreens
		ADDED from src\main\AndroidManifest.xml:59:9-37
	android:anyDensity
		ADDED from src\main\AndroidManifest.xml:57:9-34
application
ADDED from src\main\AndroidManifest.xml:62:5-78:19
	android:label
		ADDED from src\main\AndroidManifest.xml:67:9-41
	android:allowBackup
		ADDED from src\main\AndroidManifest.xml:64:9-35
	android:icon
		ADDED from src\main\AndroidManifest.xml:66:9-45
	android:largeHeap
		ADDED from src\main\AndroidManifest.xml:65:9-33
	android:theme
		ADDED from src\main\AndroidManifest.xml:68:9-68
	android:name
		ADDED from src\main\AndroidManifest.xml:63:9-72
activity#com.frameworkxutils.activity.MainActivity
ADDED from src\main\AndroidManifest.xml:69:9-77:20
	android:label
		ADDED from src\main\AndroidManifest.xml:71:13-45
	android:name
		ADDED from src\main\AndroidManifest.xml:70:13-41
intent-filter#android.intent.action.MAIN+android.intent.category.LAUNCHER
ADDED from src\main\AndroidManifest.xml:72:13-76:29
action#android.intent.action.MAIN
ADDED from src\main\AndroidManifest.xml:73:17-69
	android:name
		ADDED from src\main\AndroidManifest.xml:73:25-66
category#android.intent.category.LAUNCHER
ADDED from src\main\AndroidManifest.xml:75:17-77
	android:name
		ADDED from src\main\AndroidManifest.xml:75:27-74